<?xml version="1.0" encoding="UTF-8"?>
<testng-results skipped="0" failed="1" ignored="0" total="3" passed="2">
  <reporter-output>
  </reporter-output>
  <suite name="End to End Suite" duration-ms="116324" started-at="2019-04-06T10:34:33Z" finished-at="2019-04-06T10:36:30Z">
    <groups>
    </groups>
    <test name="End to End test cases" duration-ms="116324" started-at="2019-04-06T10:34:33Z" finished-at="2019-04-06T10:36:30Z">
      <class name="com.E2E.qa.testcases.GoogleTest">
        <test-method status="PASS" signature="beforeMethod()[pri:0, instance:com.E2E.qa.testcases.GoogleTest@18be83e4]" name="beforeMethod" is-config="true" duration-ms="42298" started-at="2019-04-06T10:34:33Z" finished-at="2019-04-06T10:35:16Z">
          <reporter-output>
          </reporter-output>
        </test-method> <!-- beforeMethod -->
        <test-method status="PASS" signature="GoogleIcon()[pri:0, instance:com.E2E.qa.testcases.GoogleTest@18be83e4]" name="GoogleIcon" duration-ms="141" started-at="2019-04-06T10:35:16Z" finished-at="2019-04-06T10:35:16Z">
          <reporter-output>
          </reporter-output>
        </test-method> <!-- GoogleIcon -->
        <test-method status="PASS" signature="afterMethod()[pri:0, instance:com.E2E.qa.testcases.GoogleTest@18be83e4]" name="afterMethod" is-config="true" duration-ms="1014" started-at="2019-04-06T10:35:16Z" finished-at="2019-04-06T10:35:17Z">
          <reporter-output>
          </reporter-output>
        </test-method> <!-- afterMethod -->
        <test-method status="PASS" signature="beforeMethod()[pri:0, instance:com.E2E.qa.testcases.GoogleTest@18be83e4]" name="beforeMethod" is-config="true" duration-ms="34159" started-at="2019-04-06T10:35:17Z" finished-at="2019-04-06T10:35:51Z">
          <reporter-output>
          </reporter-output>
        </test-method> <!-- beforeMethod -->
        <test-method status="PASS" signature="GoogleSearch()[pri:0, instance:com.E2E.qa.testcases.GoogleTest@18be83e4]" name="GoogleSearch" duration-ms="3222" started-at="2019-04-06T10:35:51Z" finished-at="2019-04-06T10:35:54Z">
          <reporter-output>
          </reporter-output>
        </test-method> <!-- GoogleSearch -->
        <test-method status="PASS" signature="afterMethod()[pri:0, instance:com.E2E.qa.testcases.GoogleTest@18be83e4]" name="afterMethod" is-config="true" duration-ms="838" started-at="2019-04-06T10:35:54Z" finished-at="2019-04-06T10:35:55Z">
          <reporter-output>
          </reporter-output>
        </test-method> <!-- afterMethod -->
        <test-method status="PASS" signature="beforeMethod()[pri:0, instance:com.E2E.qa.testcases.GoogleTest@18be83e4]" name="beforeMethod" is-config="true" duration-ms="33524" started-at="2019-04-06T10:35:55Z" finished-at="2019-04-06T10:36:28Z">
          <reporter-output>
          </reporter-output>
        </test-method> <!-- beforeMethod -->
        <test-method status="FAIL" signature="GoogleTitle()[pri:0, instance:com.E2E.qa.testcases.GoogleTest@18be83e4]" name="GoogleTitle" duration-ms="18" started-at="2019-04-06T10:36:28Z" finished-at="2019-04-06T10:36:28Z">
          <exception class="java.lang.AssertionError">
            <message>
              <![CDATA[expected [1Google] but found [Google]]]>
            </message>
            <full-stacktrace>
              <![CDATA[java.lang.AssertionError: expected [1Google] but found [Google]
at org.testng.Assert.fail(Assert.java:96)
at org.testng.Assert.failNotEquals(Assert.java:776)
at org.testng.Assert.assertEqualsImpl(Assert.java:137)
at org.testng.Assert.assertEquals(Assert.java:118)
at org.testng.Assert.assertEquals(Assert.java:453)
at org.testng.Assert.assertEquals(Assert.java:463)
at com.E2E.qa.testcases.GoogleTest.GoogleTitle(GoogleTest.java:40)
at sun.reflect.NativeMethodAccessorImpl.invoke0(Native Method)
at sun.reflect.NativeMethodAccessorImpl.invoke(NativeMethodAccessorImpl.java:62)
at sun.reflect.DelegatingMethodAccessorImpl.invoke(DelegatingMethodAccessorImpl.java:43)
at java.lang.reflect.Method.invoke(Method.java:498)
at org.testng.internal.MethodInvocationHelper.invokeMethod(MethodInvocationHelper.java:124)
at org.testng.internal.Invoker.invokeMethod(Invoker.java:583)
at org.testng.internal.Invoker.invokeTestMethod(Invoker.java:719)
at org.testng.internal.Invoker.invokeTestMethods(Invoker.java:989)
at org.testng.internal.TestMethodWorker.invokeTestMethods(TestMethodWorker.java:125)
at org.testng.internal.TestMethodWorker.run(TestMethodWorker.java:109)
at org.testng.TestRunner.privateRun(TestRunner.java:648)
at org.testng.TestRunner.run(TestRunner.java:505)
at org.testng.SuiteRunner.runTest(SuiteRunner.java:455)
at org.testng.SuiteRunner.runSequentially(SuiteRunner.java:450)
at org.testng.SuiteRunner.privateRun(SuiteRunner.java:415)
at org.testng.SuiteRunner.run(SuiteRunner.java:364)
at org.testng.SuiteRunnerWorker.runSuite(SuiteRunnerWorker.java:52)
at org.testng.SuiteRunnerWorker.run(SuiteRunnerWorker.java:84)
at org.testng.TestNG.runSuitesSequentially(TestNG.java:1208)
at org.testng.TestNG.runSuitesLocally(TestNG.java:1137)
at org.testng.TestNG.runSuites(TestNG.java:1049)
at org.testng.TestNG.run(TestNG.java:1017)
at org.testng.remote.AbstractRemoteTestNG.run(AbstractRemoteTestNG.java:115)
at org.testng.remote.RemoteTestNG.initAndRun(RemoteTestNG.java:251)
at org.testng.remote.RemoteTestNG.main(RemoteTestNG.java:77)
]]>
            </full-stacktrace>
          </exception> <!-- java.lang.AssertionError -->
          <reporter-output>
          </reporter-output>
        </test-method> <!-- GoogleTitle -->
        <test-method status="PASS" signature="afterMethod()[pri:0, instance:com.E2E.qa.testcases.GoogleTest@18be83e4]" name="afterMethod" is-config="true" duration-ms="1027" started-at="2019-04-06T10:36:28Z" finished-at="2019-04-06T10:36:30Z">
          <reporter-output>
          </reporter-output>
        </test-method> <!-- afterMethod -->
      </class> <!-- com.E2E.qa.testcases.GoogleTest -->
    </test> <!-- End to End test cases -->
  </suite> <!-- End to End Suite -->
</testng-results>
